{"uid":"42110e28288a9607","name":"Add new book - persistence verification","fullName":"tests.books.AddBookTests.addNewBookPersistenceCheck","historyId":"d421cf939157767b95d9827375a75205","time":{"start":1754321139751,"stop":1754321140314,"duration":563},"description":"This scenario verifies if the book added in the previous test is persisted in the database.I won't repeat such tests for every other endpoint because this api is not persistent.","descriptionHtml":"<p>This scenario verifies if the book added in the previous test is persisted in the database.I won't repeat such tests for every other endpoint because this api is not persistent.</p>\n","status":"failed","statusMessage":"1 expectation failed.\nExpected status code <200> but was <404>.\n","statusTrace":"java.lang.AssertionError: 1 expectation failed.\nExpected status code <200> but was <404>.\n\n\tat java.base/jdk.internal.reflect.NativeConstructorAccessorImpl.newInstance0(Native Method)\n\tat java.base/jdk.internal.reflect.NativeConstructorAccessorImpl.newInstance(NativeConstructorAccessorImpl.java:77)\n\tat java.base/jdk.internal.reflect.DelegatingConstructorAccessorImpl.newInstance(DelegatingConstructorAccessorImpl.java:45)\n\tat java.base/java.lang.reflect.Constructor.newInstanceWithCaller(Constructor.java:500)\n\tat java.base/java.lang.reflect.Constructor.newInstance(Constructor.java:481)\n\tat org.codehaus.groovy.reflection.CachedConstructor.invoke(CachedConstructor.java:73)\n\tat org.codehaus.groovy.runtime.callsite.ConstructorSite$ConstructorSiteNoUnwrapNoCoerce.callConstructor(ConstructorSite.java:108)\n\tat org.codehaus.groovy.runtime.callsite.AbstractCallSite.callConstructor(AbstractCallSite.java:277)\n\tat io.restassured.internal.ResponseSpecificationImpl$HamcrestAssertionClosure.validate(ResponseSpecificationImpl.groovy:512)\n\tat io.restassured.internal.ResponseSpecificationImpl$HamcrestAssertionClosure$validate$1.call(Unknown Source)\n\tat io.restassured.internal.ResponseSpecificationImpl.validateResponseIfRequired(ResponseSpecificationImpl.groovy:696)\n\tat io.restassured.internal.ResponseSpecificationImpl.this$2$validateResponseIfRequired(ResponseSpecificationImpl.groovy)\n\tat jdk.internal.reflect.GeneratedMethodAccessor68.invoke(Unknown Source)\n\tat java.base/jdk.internal.reflect.DelegatingMethodAccessorImpl.invoke(DelegatingMethodAccessorImpl.java:43)\n\tat java.base/java.lang.reflect.Method.invoke(Method.java:569)\n\tat org.codehaus.groovy.runtime.callsite.PlainObjectMetaMethodSite.doInvoke(PlainObjectMetaMethodSite.java:43)\n\tat org.codehaus.groovy.runtime.callsite.PogoMetaMethodSite$PogoCachedMethodSiteNoUnwrapNoCoerce.invoke(PogoMetaMethodSite.java:198)\n\tat org.codehaus.groovy.runtime.callsite.PogoMetaMethodSite.callCurrent(PogoMetaMethodSite.java:62)\n\tat org.codehaus.groovy.runtime.callsite.AbstractCallSite.callCurrent(AbstractCallSite.java:185)\n\tat io.restassured.internal.ResponseSpecificationImpl.statusCode(ResponseSpecificationImpl.groovy:135)\n\tat io.restassured.specification.ResponseSpecification$statusCode$0.callCurrent(Unknown Source)\n\tat io.restassured.internal.ResponseSpecificationImpl.statusCode(ResponseSpecificationImpl.groovy:143)\n\tat io.restassured.internal.ValidatableResponseOptionsImpl.statusCode(ValidatableResponseOptionsImpl.java:89)\n\tat tests.books.AddBookTests.addNewBookPersistenceCheck(AddBookTests.java:66)\n\tat java.base/java.lang.reflect.Method.invoke(Method.java:569)\n\tat java.base/java.util.ArrayList.forEach(ArrayList.java:1511)\n\tat java.base/java.util.ArrayList.forEach(ArrayList.java:1511)\n","flaky":false,"newFailed":false,"newBroken":false,"newPassed":false,"retriesCount":0,"retriesStatusChange":false,"beforeStages":[],"testStage":{"description":"This scenario verifies if the book added in the previous test is persisted in the database.I won't repeat such tests for every other endpoint because this api is not persistent.","status":"failed","statusMessage":"1 expectation failed.\nExpected status code <200> but was <404>.\n","statusTrace":"java.lang.AssertionError: 1 expectation failed.\nExpected status code <200> but was <404>.\n\n\tat java.base/jdk.internal.reflect.NativeConstructorAccessorImpl.newInstance0(Native Method)\n\tat java.base/jdk.internal.reflect.NativeConstructorAccessorImpl.newInstance(NativeConstructorAccessorImpl.java:77)\n\tat java.base/jdk.internal.reflect.DelegatingConstructorAccessorImpl.newInstance(DelegatingConstructorAccessorImpl.java:45)\n\tat java.base/java.lang.reflect.Constructor.newInstanceWithCaller(Constructor.java:500)\n\tat java.base/java.lang.reflect.Constructor.newInstance(Constructor.java:481)\n\tat org.codehaus.groovy.reflection.CachedConstructor.invoke(CachedConstructor.java:73)\n\tat org.codehaus.groovy.runtime.callsite.ConstructorSite$ConstructorSiteNoUnwrapNoCoerce.callConstructor(ConstructorSite.java:108)\n\tat org.codehaus.groovy.runtime.callsite.AbstractCallSite.callConstructor(AbstractCallSite.java:277)\n\tat io.restassured.internal.ResponseSpecificationImpl$HamcrestAssertionClosure.validate(ResponseSpecificationImpl.groovy:512)\n\tat io.restassured.internal.ResponseSpecificationImpl$HamcrestAssertionClosure$validate$1.call(Unknown Source)\n\tat io.restassured.internal.ResponseSpecificationImpl.validateResponseIfRequired(ResponseSpecificationImpl.groovy:696)\n\tat io.restassured.internal.ResponseSpecificationImpl.this$2$validateResponseIfRequired(ResponseSpecificationImpl.groovy)\n\tat jdk.internal.reflect.GeneratedMethodAccessor68.invoke(Unknown Source)\n\tat java.base/jdk.internal.reflect.DelegatingMethodAccessorImpl.invoke(DelegatingMethodAccessorImpl.java:43)\n\tat java.base/java.lang.reflect.Method.invoke(Method.java:569)\n\tat org.codehaus.groovy.runtime.callsite.PlainObjectMetaMethodSite.doInvoke(PlainObjectMetaMethodSite.java:43)\n\tat org.codehaus.groovy.runtime.callsite.PogoMetaMethodSite$PogoCachedMethodSiteNoUnwrapNoCoerce.invoke(PogoMetaMethodSite.java:198)\n\tat org.codehaus.groovy.runtime.callsite.PogoMetaMethodSite.callCurrent(PogoMetaMethodSite.java:62)\n\tat org.codehaus.groovy.runtime.callsite.AbstractCallSite.callCurrent(AbstractCallSite.java:185)\n\tat io.restassured.internal.ResponseSpecificationImpl.statusCode(ResponseSpecificationImpl.groovy:135)\n\tat io.restassured.specification.ResponseSpecification$statusCode$0.callCurrent(Unknown Source)\n\tat io.restassured.internal.ResponseSpecificationImpl.statusCode(ResponseSpecificationImpl.groovy:143)\n\tat io.restassured.internal.ValidatableResponseOptionsImpl.statusCode(ValidatableResponseOptionsImpl.java:89)\n\tat tests.books.AddBookTests.addNewBookPersistenceCheck(AddBookTests.java:66)\n\tat java.base/java.lang.reflect.Method.invoke(Method.java:569)\n\tat java.base/java.util.ArrayList.forEach(ArrayList.java:1511)\n\tat java.base/java.util.ArrayList.forEach(ArrayList.java:1511)\n","steps":[],"attachments":[{"uid":"ba865df5f6728b6b","name":"Console Log","source":"ba865df5f6728b6b.txt","type":"text/plain","size":2249}],"parameters":[],"shouldDisplayMessage":true,"stepsCount":0,"attachmentsCount":1,"hasContent":true,"attachmentStep":false},"afterStages":[],"labels":[{"name":"tag","value":"AddBook"},{"name":"tag","value":"POST"},{"name":"junit.platform.uniqueid","value":"[engine:junit-jupiter]/[class:tests.books.AddBookTests]/[method:addNewBookPersistenceCheck()]"},{"name":"host","value":"pkrvmjbmru5nbw0"},{"name":"thread","value":"2468@pkrvmjbmru5nbw0.main(1)"},{"name":"framework","value":"junit-platform"},{"name":"language","value":"java"},{"name":"package","value":"tests.books.AddBookTests"},{"name":"testClass","value":"tests.books.AddBookTests"},{"name":"testMethod","value":"addNewBookPersistenceCheck"},{"name":"suite","value":"tests.books.AddBookTests"},{"name":"resultFormat","value":"allure2"}],"parameters":[],"links":[],"hidden":false,"retry":false,"extra":{"severity":"normal","retries":[],"categories":[{"name":"Product defects","matchedStatuses":[],"flaky":false}],"history":{"statistic":{"failed":3,"broken":0,"skipped":0,"passed":0,"unknown":0,"total":3},"items":[{"uid":"6eed442bbf87af0c","reportUrl":"https://jack212chramer.github.io/testFramework/25//#testresult/6eed442bbf87af0c","status":"failed","statusDetails":"1 expectation failed.\nExpected status code <200> but was <404>.\n","time":{"start":1754321095893,"stop":1754321096480,"duration":587}},{"uid":"405c146e96f2f20","reportUrl":"https://jack212chramer.github.io/testFramework/24//#testresult/405c146e96f2f20","status":"failed","statusDetails":"1 expectation failed.\nExpected status code <200> but was <404>.\n","time":{"start":1754320942133,"stop":1754320943070,"duration":937}}]},"tags":["AddBook","POST"]},"source":"42110e28288a9607.json","parameterValues":[]}